Ncat: Idle timeout expired (3000 ms).
SDK Error: OBSERVATION_ATTRIBUTE 1 int http.request.method=GET
Traceback (most recent call last):
  File "/usr/share/opentelemetry_shell/sdk.py", line 37, in run
    handle(scope, version, tokens[0], tokens[1] if len(tokens) > 1 else None)
  File "/usr/share/opentelemetry_shell/sdk.py", line 529, in handle
    observations[str(observation_id)]['attributes'][key] = convert_type(type, value)
                                                           ^^^^^^^^^^^^^^^^^^^^^^^^^
  File "/usr/share/opentelemetry_shell/sdk.py", line 579, in convert_type
    return int(value)
           ^^^^^^^^^^
ValueError: invalid literal for int() with base 10: 'GET'
SDK Error: OBSERVATION_ATTRIBUTE 4 int http.request.method=GET
Traceback (most recent call last):
  File "/usr/share/opentelemetry_shell/sdk.py", line 37, in run
    handle(scope, version, tokens[0], tokens[1] if len(tokens) > 1 else None)
  File "/usr/share/opentelemetry_shell/sdk.py", line 529, in handle
    observations[str(observation_id)]['attributes'][key] = convert_type(type, value)
                                                           ^^^^^^^^^^^^^^^^^^^^^^^^^
  File "/usr/share/opentelemetry_shell/sdk.py", line 579, in convert_type
    return int(value)
           ^^^^^^^^^^
ValueError: invalid literal for int() with base 10: 'GET'
SDK Error: OBSERVATION_ATTRIBUTE 1 int http.request.method=GET
Traceback (most recent call last):
  File "/usr/share/opentelemetry_shell/sdk.py", line 37, in run
    handle(scope, version, tokens[0], tokens[1] if len(tokens) > 1 else None)
  File "/usr/share/opentelemetry_shell/sdk.py", line 529, in handle
    observations[str(observation_id)]['attributes'][key] = convert_type(type, value)
                                                           ^^^^^^^^^^^^^^^^^^^^^^^^^
  File "/usr/share/opentelemetry_shell/sdk.py", line 579, in convert_type
    return int(value)
           ^^^^^^^^^^
ValueError: invalid literal for int() with base 10: 'GET'
SDK Error: OBSERVATION_ATTRIBUTE 4 int http.request.method=GET
Traceback (most recent call last):
  File "/usr/share/opentelemetry_shell/sdk.py", line 37, in run
    handle(scope, version, tokens[0], tokens[1] if len(tokens) > 1 else None)
  File "/usr/share/opentelemetry_shell/sdk.py", line 529, in handle
    observations[str(observation_id)]['attributes'][key] = convert_type(type, value)
                                                           ^^^^^^^^^^^^^^^^^^^^^^^^^
  File "/usr/share/opentelemetry_shell/sdk.py", line 579, in convert_type
    return int(value)
           ^^^^^^^^^^
ValueError: invalid literal for int() with base 10: 'GET'
SDK Error: OBSERVATION_ATTRIBUTE 1 int http.request.method=GET
Traceback (most recent call last):
  File "/usr/share/opentelemetry_shell/sdk.py", line 37, in run
    handle(scope, version, tokens[0], tokens[1] if len(tokens) > 1 else None)
  File "/usr/share/opentelemetry_shell/sdk.py", line 529, in handle
    observations[str(observation_id)]['attributes'][key] = convert_type(type, value)
                                                           ^^^^^^^^^^^^^^^^^^^^^^^^^
  File "/usr/share/opentelemetry_shell/sdk.py", line 579, in convert_type
    return int(value)
           ^^^^^^^^^^
ValueError: invalid literal for int() with base 10: 'GET'
SDK Error: OBSERVATION_ATTRIBUTE 4 int http.request.method=GET
Traceback (most recent call last):
  File "/usr/share/opentelemetry_shell/sdk.py", line 37, in run
    handle(scope, version, tokens[0], tokens[1] if len(tokens) > 1 else None)
  File "/usr/share/opentelemetry_shell/sdk.py", line 529, in handle
    observations[str(observation_id)]['attributes'][key] = convert_type(type, value)
                                                           ^^^^^^^^^^^^^^^^^^^^^^^^^
  File "/usr/share/opentelemetry_shell/sdk.py", line 579, in convert_type
    return int(value)
           ^^^^^^^^^^
ValueError: invalid literal for int() with base 10: 'GET'
SDK Error: OBSERVATION_ATTRIBUTE 1 int http.request.method=GET
Traceback (most recent call last):
  File "/usr/share/opentelemetry_shell/sdk.py", line 37, in run
    handle(scope, version, tokens[0], tokens[1] if len(tokens) > 1 else None)
  File "/usr/share/opentelemetry_shell/sdk.py", line 529, in handle
    observations[str(observation_id)]['attributes'][key] = convert_type(type, value)
                                                           ^^^^^^^^^^^^^^^^^^^^^^^^^
  File "/usr/share/opentelemetry_shell/sdk.py", line 579, in convert_type
    return int(value)
           ^^^^^^^^^^
ValueError: invalid literal for int() with base 10: 'GET'
SDK Error: OBSERVATION_ATTRIBUTE 4 int http.request.method=GET
Traceback (most recent call last):
  File "/usr/share/opentelemetry_shell/sdk.py", line 37, in run
    handle(scope, version, tokens[0], tokens[1] if len(tokens) > 1 else None)
  File "/usr/share/opentelemetry_shell/sdk.py", line 529, in handle
    observations[str(observation_id)]['attributes'][key] = convert_type(type, value)
                                                           ^^^^^^^^^^^^^^^^^^^^^^^^^
  File "/usr/share/opentelemetry_shell/sdk.py", line 579, in convert_type
    return int(value)
           ^^^^^^^^^^
ValueError: invalid literal for int() with base 10: 'GET'
grep: write error: Broken pipe
--2026-03-07 14:13:58--  https://github.com/plengauer/Thoth/releases/download/v1.13.7/opentelemetry-shell_1.13.7.deb
Resolving github.com (github.com)... 140.82.114.4
Connecting to github.com (github.com)|140.82.114.4|:443... connected.
HTTP request sent, awaiting response... 302 Found
Location: https://release-assets.githubusercontent.com/github-production-release-asset/692042935/5544a935-3cf9-4f9b-b6ed-d668fd012e99?sp=r&sv=2018-11-09&sr=b&spr=https&se=2026-03-07T14%3A48%3A20Z&rscd=attachment%3B+filename%3Dopentelemetry-shell_1.13.7.deb&rsct=application%2Foctet-stream&skoid=96c2d410-5711-43a1-aedd-ab1947aa7ab0&sktid=398a6654-997b-47e9-b12b-9515b896b4de&skt=2026-03-07T13%3A48%3A08Z&ske=2026-03-07T14%3A48%3A20Z&sks=b&skv=2018-11-09&sig=zfyAtVdQ5jF%2F9s%2BbUtYRaJHWtwPKMtH0da%2BmS87ybqA%3D&jwt=eyJ0eXAiOiJKV1QiLCJhbGciOiJIUzI1NiJ9.eyJpc3MiOiJnaXRodWIuY29tIiwiYXVkIjoicmVsZWFzZS1hc3NldHMuZ2l0aHVidXNlcmNvbnRlbnQuY29tIiwia2V5Ijoia2V5MSIsImV4cCI6MTc3Mjg5MzEzOCwibmJmIjoxNzcyODkyODM4LCJwYXRoIjoicmVsZWFzZWFzc2V0cHJvZHVjdGlvbi5ibG9iLmNvcmUud2luZG93cy5uZXQifQ.tHTkBhYycCeMiGE9pcr-1YoYkdT9A_wMKGEO6Ujz2Q4&response-content-disposition=attachment%3B%20filename%3Dopentelemetry-shell_1.13.7.deb&response-content-type=application%2Foctet-stream [following]
--2026-03-07 14:13:58--  https://release-assets.githubusercontent.com/github-production-release-asset/692042935/5544a935-3cf9-4f9b-b6ed-d668fd012e99?sp=r&sv=2018-11-09&sr=b&spr=https&se=2026-03-07T14%3A48%3A20Z&rscd=attachment%3B+filename%3Dopentelemetry-shell_1.13.7.deb&rsct=application%2Foctet-stream&skoid=96c2d410-5711-43a1-aedd-ab1947aa7ab0&sktid=398a6654-997b-47e9-b12b-9515b896b4de&skt=2026-03-07T13%3A48%3A08Z&ske=2026-03-07T14%3A48%3A20Z&sks=b&skv=2018-11-09&sig=zfyAtVdQ5jF%2F9s%2BbUtYRaJHWtwPKMtH0da%2BmS87ybqA%3D&jwt=eyJ0eXAiOiJKV1QiLCJhbGciOiJIUzI1NiJ9.eyJpc3MiOiJnaXRodWIuY29tIiwiYXVkIjoicmVsZWFzZS1hc3NldHMuZ2l0aHVidXNlcmNvbnRlbnQuY29tIiwia2V5Ijoia2V5MSIsImV4cCI6MTc3Mjg5MzEzOCwibmJmIjoxNzcyODkyODM4LCJwYXRoIjoicmVsZWFzZWFzc2V0cHJvZHVjdGlvbi5ibG9iLmNvcmUud2luZG93cy5uZXQifQ.tHTkBhYycCeMiGE9pcr-1YoYkdT9A_wMKGEO6Ujz2Q4&response-content-disposition=attachment%3B%20filename%3Dopentelemetry-shell_1.13.7.deb&response-content-type=application%2Foctet-stream
Resolving release-assets.githubusercontent.com (release-assets.githubusercontent.com)... 185.199.110.133, 185.199.111.133, 185.199.109.133, ...
Connecting to release-assets.githubusercontent.com (release-assets.githubusercontent.com)|185.199.110.133|:443... connected.
HTTP request sent, awaiting response... 200 OK
Length: 7202 (7.0K) [application/octet-stream]
Saving to: ‘opentelemetry-shell_1.13.7.deb’

0K .......                                               100% 8.90M=0.001s

2026-03-07 14:13:58 (8.90 MB/s) - ‘opentelemetry-shell_1.13.7.deb’ saved [7202/7202]

--2026-03-07 14:13:58--  https://github.com/plengauer/Thoth/releases/download/v1.13.6/opentelemetry-shell_1.13.6.deb
Connecting to github.com (github.com)|140.82.114.4|:443... connected.
HTTP request sent, awaiting response... 302 Found
Location: https://release-assets.githubusercontent.com/github-production-release-asset/692042935/e8091cbc-915a-4ba7-bca7-308817fe26c4?sp=r&sv=2018-11-09&sr=b&spr=https&se=2026-03-07T15%3A13%3A23Z&rscd=attachment%3B+filename%3Dopentelemetry-shell_1.13.6.deb&rsct=application%2Foctet-stream&skoid=96c2d410-5711-43a1-aedd-ab1947aa7ab0&sktid=398a6654-997b-47e9-b12b-9515b896b4de&skt=2026-03-07T14%3A13%3A17Z&ske=2026-03-07T15%3A13%3A23Z&sks=b&skv=2018-11-09&sig=aUzvLjZM9iCcAqF%2FS6wtFF3V55BrYJaubxQ%2FPFnQVIQ%3D&jwt=eyJ0eXAiOiJKV1QiLCJhbGciOiJIUzI1NiJ9.eyJpc3MiOiJnaXRodWIuY29tIiwiYXVkIjoicmVsZWFzZS1hc3NldHMuZ2l0aHVidXNlcmNvbnRlbnQuY29tIiwia2V5Ijoia2V5MSIsImV4cCI6MTc3Mjg5MzEzOCwibmJmIjoxNzcyODkyODM4LCJwYXRoIjoicmVsZWFzZWFzc2V0cHJvZHVjdGlvbi5ibG9iLmNvcmUud2luZG93cy5uZXQifQ.tHTkBhYycCeMiGE9pcr-1YoYkdT9A_wMKGEO6Ujz2Q4&response-content-disposition=attachment%3B%20filename%3Dopentelemetry-shell_1.13.6.deb&response-content-type=application%2Foctet-stream [following]
--2026-03-07 14:13:58--  https://release-assets.githubusercontent.com/github-production-release-asset/692042935/e8091cbc-915a-4ba7-bca7-308817fe26c4?sp=r&sv=2018-11-09&sr=b&spr=https&se=2026-03-07T15%3A13%3A23Z&rscd=attachment%3B+filename%3Dopentelemetry-shell_1.13.6.deb&rsct=application%2Foctet-stream&skoid=96c2d410-5711-43a1-aedd-ab1947aa7ab0&sktid=398a6654-997b-47e9-b12b-9515b896b4de&skt=2026-03-07T14%3A13%3A17Z&ske=2026-03-07T15%3A13%3A23Z&sks=b&skv=2018-11-09&sig=aUzvLjZM9iCcAqF%2FS6wtFF3V55BrYJaubxQ%2FPFnQVIQ%3D&jwt=eyJ0eXAiOiJKV1QiLCJhbGciOiJIUzI1NiJ9.eyJpc3MiOiJnaXRodWIuY29tIiwiYXVkIjoicmVsZWFzZS1hc3NldHMuZ2l0aHVidXNlcmNvbnRlbnQuY29tIiwia2V5Ijoia2V5MSIsImV4cCI6MTc3Mjg5MzEzOCwibmJmIjoxNzcyODkyODM4LCJwYXRoIjoicmVsZWFzZWFzc2V0cHJvZHVjdGlvbi5ibG9iLmNvcmUud2luZG93cy5uZXQifQ.tHTkBhYycCeMiGE9pcr-1YoYkdT9A_wMKGEO6Ujz2Q4&response-content-disposition=attachment%3B%20filename%3Dopentelemetry-shell_1.13.6.deb&response-content-type=application%2Foctet-stream
Connecting to release-assets.githubusercontent.com (release-assets.githubusercontent.com)|185.199.110.133|:443... connected.
HTTP request sent, awaiting response... 200 OK
Length: 7184 (7.0K) [application/octet-stream]
Saving to: ‘opentelemetry-shell_1.13.6.deb’

0K .......                                               100% 89.9M=0s

2026-03-07 14:13:58 (89.9 MB/s) - ‘opentelemetry-shell_1.13.6.deb’ saved [7184/7184]

--2026-03-07 14:13:58--  https://github.com/plengauer/Thoth/releases/download/v1.13.5/opentelemetry-shell_1.13.5.deb
Connecting to github.com (github.com)|140.82.114.4|:443... connected.
HTTP request sent, awaiting response... 302 Found
Location: https://release-assets.githubusercontent.com/github-production-release-asset/692042935/25d95ab9-56aa-4a77-8e84-d4947ecef0fc?sp=r&sv=2018-11-09&sr=b&spr=https&se=2026-03-07T15%3A12%3A25Z&rscd=attachment%3B+filename%3Dopentelemetry-shell_1.13.5.deb&rsct=application%2Foctet-stream&skoid=96c2d410-5711-43a1-aedd-ab1947aa7ab0&sktid=398a6654-997b-47e9-b12b-9515b896b4de&skt=2026-03-07T14%3A11%3A32Z&ske=2026-03-07T15%3A12%3A25Z&sks=b&skv=2018-11-09&sig=yYTZWTqbFYRI3dNg%2FfGPUOjOyG6fWQTcgSf7GvkKfEM%3D&jwt=eyJ0eXAiOiJKV1QiLCJhbGciOiJIUzI1NiJ9.eyJpc3MiOiJnaXRodWIuY29tIiwiYXVkIjoicmVsZWFzZS1hc3NldHMuZ2l0aHVidXNlcmNvbnRlbnQuY29tIiwia2V5Ijoia2V5MSIsImV4cCI6MTc3Mjg5MzEzOSwibmJmIjoxNzcyODkyODM5LCJwYXRoIjoicmVsZWFzZWFzc2V0cHJvZHVjdGlvbi5ibG9iLmNvcmUud2luZG93cy5uZXQifQ.RplnXfdVSpb9DnVpFxeMV78LEVS7Fp3EW8Zil4FuRrQ&response-content-disposition=attachment%3B%20filename%3Dopentelemetry-shell_1.13.5.deb&response-content-type=application%2Foctet-stream [following]
--2026-03-07 14:13:59--  https://release-assets.githubusercontent.com/github-production-release-asset/692042935/25d95ab9-56aa-4a77-8e84-d4947ecef0fc?sp=r&sv=2018-11-09&sr=b&spr=https&se=2026-03-07T15%3A12%3A25Z&rscd=attachment%3B+filename%3Dopentelemetry-shell_1.13.5.deb&rsct=application%2Foctet-stream&skoid=96c2d410-5711-43a1-aedd-ab1947aa7ab0&sktid=398a6654-997b-47e9-b12b-9515b896b4de&skt=2026-03-07T14%3A11%3A32Z&ske=2026-03-07T15%3A12%3A25Z&sks=b&skv=2018-11-09&sig=yYTZWTqbFYRI3dNg%2FfGPUOjOyG6fWQTcgSf7GvkKfEM%3D&jwt=eyJ0eXAiOiJKV1QiLCJhbGciOiJIUzI1NiJ9.eyJpc3MiOiJnaXRodWIuY29tIiwiYXVkIjoicmVsZWFzZS1hc3NldHMuZ2l0aHVidXNlcmNvbnRlbnQuY29tIiwia2V5Ijoia2V5MSIsImV4cCI6MTc3Mjg5MzEzOSwibmJmIjoxNzcyODkyODM5LCJwYXRoIjoicmVsZWFzZWFzc2V0cHJvZHVjdGlvbi5ibG9iLmNvcmUud2luZG93cy5uZXQifQ.RplnXfdVSpb9DnVpFxeMV78LEVS7Fp3EW8Zil4FuRrQ&response-content-disposition=attachment%3B%20filename%3Dopentelemetry-shell_1.13.5.deb&response-content-type=application%2Foctet-stream
Connecting to release-assets.githubusercontent.com (release-assets.githubusercontent.com)|185.199.110.133|:443... connected.
HTTP request sent, awaiting response... 200 OK
Length: 7176 (7.0K) [application/octet-stream]
Saving to: ‘opentelemetry-shell_1.13.5.deb’

0K .......                                               100% 67.0M=0s

2026-03-07 14:13:59 (67.0 MB/s) - ‘opentelemetry-shell_1.13.5.deb’ saved [7176/7176]

FINISHED --2026-03-07 14:13:59--
Total wall clock time: 0.6s
Downloaded: 3 files, 21K in 0.001s (21.6 MB/s)
