 INFO: Renovate started
       "renovateVersion": "43.252.0"
 WARN: cli config dryRun property has been changed to full
 INFO: Repository started (repository=plengauer/Thoth)
       "renovateVersion": "43.252.0"
 WARN: Cannot access vulnerability alerts. Please ensure permissions have been granted. (repository=plengauer/Thoth)
       "url": "https://docs.renovatebot.com/configuration-options/#vulnerabilityalerts"
 INFO: Dependency extraction complete (repository=plengauer/Thoth, baseBranch=main)
       "stats": {
         "managers": {
           "dockerfile": {"fileCount": 4, "depCount": 4},
           "github-actions": {"fileCount": 31, "depCount": 564},
           "gradle": {"fileCount": 4, "depCount": 3},
           "gradle-wrapper": {"fileCount": 1, "depCount": 1},
           "maven": {"fileCount": 1, "depCount": 2},
           "npm": {"fileCount": 2, "depCount": 14},
           "pip_requirements": {"fileCount": 3, "depCount": 18},
           "regex": {"fileCount": 3, "depCount": 4}
         },
         "total": {"fileCount": 49, "depCount": 610}
       }
 INFO: DRY-RUN: Would ensure Dependency Dashboard (repository=plengauer/Thoth)
       "title": "Dependency Dashboard"
 INFO: DRY-RUN: Would save repository cache. (repository=plengauer/Thoth)
 INFO: Repository finished (repository=plengauer/Thoth)
       "cloned": true,
       "durationMs": 32508,
       "result": "done",
       "status": "onboarded",
       "enabled": true,
       "onboarded": true
 INFO: Renovate was run at log level "info". Set LOG_LEVEL=debug in environment variables to see extended debug logs.
