Unable to find image 'renovate/renovate:latest' locally
latest: Pulling from renovate/renovate
5a7813e071bf: Pulling fs layer
338505504b78: Pulling fs layer
a0440292ab39: Pulling fs layer
f4e675a8ed62: Pulling fs layer
dbf0f55401a2: Pulling fs layer
7fcd31c3da62: Pulling fs layer
83b5cb0dd387: Pulling fs layer
7b81ba022cdf: Pulling fs layer
9e85b6dbe6d6: Pulling fs layer
bd944e9feb18: Pulling fs layer
6c504f9ed6d5: Pulling fs layer
86c412f91f8b: Pulling fs layer
4f4fb700ef54: Pulling fs layer
f4e675a8ed62: Waiting
dbf0f55401a2: Waiting
9e85b6dbe6d6: Waiting
7fcd31c3da62: Waiting
bd944e9feb18: Waiting
6c504f9ed6d5: Waiting
83b5cb0dd387: Waiting
86c412f91f8b: Waiting
7b81ba022cdf: Waiting
338505504b78: Verifying Checksum
338505504b78: Download complete
a0440292ab39: Verifying Checksum
a0440292ab39: Download complete
5a7813e071bf: Verifying Checksum
5a7813e071bf: Download complete
f4e675a8ed62: Verifying Checksum
f4e675a8ed62: Download complete
83b5cb0dd387: Verifying Checksum
83b5cb0dd387: Download complete
7b81ba022cdf: Verifying Checksum
7b81ba022cdf: Download complete
dbf0f55401a2: Verifying Checksum
dbf0f55401a2: Download complete
9e85b6dbe6d6: Verifying Checksum
9e85b6dbe6d6: Download complete
6c504f9ed6d5: Verifying Checksum
6c504f9ed6d5: Download complete
86c412f91f8b: Verifying Checksum
86c412f91f8b: Download complete
4f4fb700ef54: Verifying Checksum
4f4fb700ef54: Download complete
bd944e9feb18: Download complete
5a7813e071bf: Pull complete
338505504b78: Pull complete
7fcd31c3da62: Verifying Checksum
7fcd31c3da62: Download complete
a0440292ab39: Pull complete
f4e675a8ed62: Pull complete
dbf0f55401a2: Pull complete
7fcd31c3da62: Pull complete
83b5cb0dd387: Pull complete
7b81ba022cdf: Pull complete
9e85b6dbe6d6: Pull complete
bd944e9feb18: Pull complete
6c504f9ed6d5: Pull complete
86c412f91f8b: Pull complete
4f4fb700ef54: Pull complete
Digest: sha256:543c8f75aba57d682ec51bc9abe02a184410c8ea6321e427a090477aa61488d8
Status: Downloaded newer image for renovate/renovate:latest
